{"logTime": "0907/185119", "correlationVector":"jG+PblXYAROVfxeEcCgnYY.1","action":"SyncServerConnectionManagerRequest", "result":"SYNC_SERVER_OK", "context":{"environment":"Prod_SoutheastAsia_000j", "migrationStage":"NotStarted", "server":"GENERAL01000007"}}
{"logTime": "0907/185120", "correlationVector":"cmVe7OeD57SOh5hZwtCr7g","action":"SyncServerConnectionManagerRequest", "result":"SYNC_SERVER_OK", "context":{"environment":"", "migrationStage":"", "server":""}}
{"logTime": "0907/185120", "correlationVector":"jG+PblXYAROVfxeEcCgnYY","action":"Initial GetUpdates", "result":"", "context":Reason: NEW_CLIENT. cV=jG+PblXYAROVfxeEcCgnYY}
{"logTime": "0907/185120", "correlationVector":"jG+PblXYAROVfxeEcCgnYY.2","action":"GetUpdates Response", "result":"Success", "context":Received 1 update(s). cV=jG+PblXYAROVfxeEcCgnYY.0;server=GENERAL01000007;cloudType=Consumer;environment=Prod_SoutheastAsia_000j;migrationStage=NotStarted}
{"logTime": "0907/185120", "correlationVector":"7VkOKhJOxaY3QkjnE8fnFu","action":"Initial GetUpdates", "result":"", "context":Reason: NEWLY_SUPPORTED_DATATYPE. cV=7VkOKhJOxaY3QkjnE8fnFu}
{"logTime": "0907/185120", "correlationVector":"7VkOKhJOxaY3QkjnE8fnFu.1","action":"SyncServerConnectionManagerRequest", "result":"SYNC_SERVER_OK", "context":{"environment":"Prod_SoutheastAsia_000j", "migrationStage":"NotStarted", "server":"GENERAL0300002G"}}
{"logTime": "0907/185120", "correlationVector":"7VkOKhJOxaY3QkjnE8fnFu.2","action":"GetUpdates Response", "result":"Success", "context":Received 17 update(s). cV=7VkOKhJOxaY3QkjnE8fnFu.0;server=GENERAL0300002G;cloudType=Consumer;environment=Prod_SoutheastAsia_000j;migrationStage=NotStarted}
{"logTime": "0907/185120", "correlationVector":"l4St6sCx1rtlTjLvan/Jrf","action":"Normal GetUpdate request", "result":"", "context":cV=l4St6sCx1rtlTjLvan/Jrf
Nudged types: Device Info, User Consents
Refresh requested types: Device Info, User Consents, Send Tab To Self, Encryption Keys}
{"logTime": "0907/185120", "correlationVector":"l4St6sCx1rtlTjLvan/Jrf.1","action":"SyncServerConnectionManagerRequest", "result":"SYNC_SERVER_OK", "context":{"environment":"Prod_SoutheastAsia_000j", "migrationStage":"NotStarted", "server":"GENERAL01000000"}}
{"logTime": "0907/185120", "correlationVector":"l4St6sCx1rtlTjLvan/Jrf.2","action":"GetUpdates Response", "result":"Success", "context":Received 0 update(s). cV=l4St6sCx1rtlTjLvan/Jrf.0;server=GENERAL01000000;cloudType=Consumer;environment=Prod_SoutheastAsia_000j;migrationStage=NotStarted}
{"logTime": "0907/185120", "correlationVector":"VR7wSjOIKrZamel/WfDJUn","action":"DoCompareDataConsistency requsted types: ", "result":"Send Tab To Self, Encryption Keys"}
{"logTime": "0907/185120", "correlationVector":"VR7wSjOIKrZamel/WfDJUn.0","action":"CompareDataConsistency result: ", "result":"Compare result: Encryption Keys is consistent. local entities count is: 1 local entities hash is: kUXOirRy+oeilij09KCh78vKKgA="}
{"logTime": "0907/185120", "correlationVector":"VR7wSjOIKrZamel/WfDJUn.1","action":"CompareDataConsistency result: ", "result":"Server did not send this Send Tab To Self local entities count is: 0 local entities hash is: "}
{"logTime": "0907/185120", "correlationVector":"2KF7QUEzEkHdOnu8l2g5AZ","action":"Commit Request", "result":"", "context":Item count: 2
Contributing types: Device Info, User Consents}
{"logTime": "0907/185120", "correlationVector":"2KF7QUEzEkHdOnu8l2g5AZ.1","action":"SyncServerConnectionManagerRequest", "result":"SYNC_SERVER_OK", "context":{"environment":"Prod_SoutheastAsia_000j", "migrationStage":"NotStarted", "server":"GENERAL0100000T"}}
{"logTime": "0907/185120", "correlationVector":"2KF7QUEzEkHdOnu8l2g5AZ.2","action":"Commit Response", "result":"Success", "context":Result: Success. cV=2KF7QUEzEkHdOnu8l2g5AZ.0;server=GENERAL0100000T;cloudType=Consumer;environment=Prod_SoutheastAsia_000j;migrationStage=NotStarted}
{"logTime": "0907/185120", "correlationVector":"","action":"DIAGNOSTIC_REQUEST|v1/diagnosticData/Diagnostic.SendCheckResult()|SUCCESS", "result":""}
{"logTime": "0907/185121", "correlationVector":"rmFk2uy5OC0aNLpNyPW0ab","action":"Normal GetUpdate request", "result":"", "context":cV=rmFk2uy5OC0aNLpNyPW0ab
Nudged types: Device Info}
{"logTime": "0907/185121", "correlationVector":"rmFk2uy5OC0aNLpNyPW0ab.1","action":"SyncServerConnectionManagerRequest", "result":"SYNC_SERVER_OK", "context":{"environment":"Prod_SoutheastAsia_000j", "migrationStage":"NotStarted", "server":"GENERAL01000017"}}
{"logTime": "0907/185121", "correlationVector":"rmFk2uy5OC0aNLpNyPW0ab.2","action":"GetUpdates Response", "result":"Success", "context":Received 1 update(s). cV=rmFk2uy5OC0aNLpNyPW0ab.0;server=GENERAL01000017;cloudType=Consumer;environment=Prod_SoutheastAsia_000j;migrationStage=NotStarted}
{"logTime": "0908/074804", "correlationVector":"/idA8FRLIb3LaAVTQ0+uel.1","action":"SyncServerConnectionManagerRequest", "result":"SYNC_SERVER_OK", "context":{"environment":"Prod_SoutheastAsia_000j", "migrationStage":"NotStarted", "server":"GENERAL01000014"}}
{"logTime": "0908/074807", "correlationVector":"uRD7qcp4D1JRyfDu4rtQeb","action":"SyncServerConnectionManagerRequest", "result":"SYNC_SERVER_OK", "context":{"environment":"", "migrationStage":"", "server":""}}
{"logTime": "0908/074807", "correlationVector":"/idA8FRLIb3LaAVTQ0+uel","action":"Initial GetUpdates", "result":"", "context":Reason: NEW_CLIENT. cV=/idA8FRLIb3LaAVTQ0+uel}
{"logTime": "0908/074807", "correlationVector":"/idA8FRLIb3LaAVTQ0+uel.2","action":"GetUpdates Response", "result":"Success", "context":Received 1 update(s). cV=/idA8FRLIb3LaAVTQ0+uel.0;server=GENERAL01000014;cloudType=Consumer;environment=Prod_SoutheastAsia_000j;migrationStage=NotStarted}
{"logTime": "0908/074807", "correlationVector":"8eoI8TLp5ScsGOPezgINVj","action":"Normal GetUpdate request", "result":"", "context":cV=8eoI8TLp5ScsGOPezgINVj
Nudged types: Device Info
Refresh requested types: Device Info, User Consents, Send Tab To Self, Encryption Keys}
{"logTime": "0908/074808", "correlationVector":"8eoI8TLp5ScsGOPezgINVj.1","action":"SyncServerConnectionManagerRequest", "result":"SYNC_SERVER_OK", "context":{"environment":"Prod_SoutheastAsia_000j", "migrationStage":"NotStarted", "server":"GENERAL0300000M"}}
{"logTime": "0908/074808", "correlationVector":"8eoI8TLp5ScsGOPezgINVj.2","action":"GetUpdates Response", "result":"Success", "context":Received 2 update(s). cV=8eoI8TLp5ScsGOPezgINVj.0;server=GENERAL0300000M;cloudType=Consumer;environment=Prod_SoutheastAsia_000j;migrationStage=NotStarted}
{"logTime": "0908/074808", "correlationVector":"i3E6YweGWBGagYGZOBJS4S","action":"DoCompareDataConsistency requsted types: ", "result":"Send Tab To Self, Encryption Keys"}
{"logTime": "0908/074808", "correlationVector":"i3E6YweGWBGagYGZOBJS4S.0","action":"CompareDataConsistency result: ", "result":"Compare result: Encryption Keys is consistent. local entities count is: 1 local entities hash is: kUXOirRy+oeilij09KCh78vKKgA="}
{"logTime": "0908/074808", "correlationVector":"i3E6YweGWBGagYGZOBJS4S.1","action":"CompareDataConsistency result: ", "result":"Server did not send this Send Tab To Self local entities count is: 0 local entities hash is: "}
{"logTime": "0908/074808", "correlationVector":"Bju6Q/arR2mKVuUiK5rt8J","action":"Poll GetUpdate request", "result":"", "context":cV=Bju6Q/arR2mKVuUiK5rt8J}
{"logTime": "0908/074808", "correlationVector":"Bju6Q/arR2mKVuUiK5rt8J.1","action":"SyncServerConnectionManagerRequest", "result":"SYNC_SERVER_OK", "context":{"environment":"Prod_SoutheastAsia_000j", "migrationStage":"NotStarted", "server":"GENERAL0100000E"}}
{"logTime": "0908/074808", "correlationVector":"Bju6Q/arR2mKVuUiK5rt8J.2","action":"GetUpdates Response", "result":"Success", "context":Received 0 update(s). cV=Bju6Q/arR2mKVuUiK5rt8J.0;server=GENERAL0100000E;cloudType=Consumer;environment=Prod_SoutheastAsia_000j;migrationStage=NotStarted}
{"logTime": "0908/074808", "correlationVector":"","action":"DIAGNOSTIC_REQUEST|v1/diagnosticData/Diagnostic.SendCheckResult()|SUCCESS", "result":""}
{"logTime": "0908/075302", "correlationVector":"zdd9ibkl5kWY5IogYZlV7u","action":"Normal GetUpdate request", "result":"", "context":cV=zdd9ibkl5kWY5IogYZlV7u
Refresh requested types: Device Info, User Consents, Send Tab To Self, Encryption Keys}
{"logTime": "0908/075302", "correlationVector":"zdd9ibkl5kWY5IogYZlV7u.1","action":"SyncServerConnectionManagerRequest", "result":"SYNC_SERVER_OK", "context":{"environment":"Prod_SoutheastAsia_000j", "migrationStage":"NotStarted", "server":"GENERAL0300002K"}}
{"logTime": "0908/075302", "correlationVector":"zdd9ibkl5kWY5IogYZlV7u.2","action":"GetUpdates Response", "result":"Success", "context":Received 0 update(s). cV=zdd9ibkl5kWY5IogYZlV7u.0;server=GENERAL0300002K;cloudType=Consumer;environment=Prod_SoutheastAsia_000j;migrationStage=NotStarted}
{"logTime": "0908/075302", "correlationVector":"wxrPSXuAjeD7Z3BHq+VVQ6","action":"DoCompareDataConsistency requsted types: ", "result":"Send Tab To Self, Encryption Keys"}
{"logTime": "0908/075302", "correlationVector":"wxrPSXuAjeD7Z3BHq+VVQ6.0","action":"CompareDataConsistency result: ", "result":"Compare result: Encryption Keys is consistent. local entities count is: 1 local entities hash is: kUXOirRy+oeilij09KCh78vKKgA="}
{"logTime": "0908/075302", "correlationVector":"wxrPSXuAjeD7Z3BHq+VVQ6.1","action":"CompareDataConsistency result: ", "result":"Server did not send this Send Tab To Self local entities count is: 0 local entities hash is: "}
{"logTime": "0908/075302", "correlationVector":"","action":"DIAGNOSTIC_REQUEST|v1/diagnosticData/Diagnostic.SendCheckResult()|SUCCESS", "result":""}
{"logTime": "0908/081648", "correlationVector":"AkfYAawQRkBVAEaW0uaFyD","action":"Normal GetUpdate request", "result":"", "context":cV=AkfYAawQRkBVAEaW0uaFyD
Refresh requested types: Device Info, User Consents, Send Tab To Self, Encryption Keys}
{"logTime": "0908/081654", "correlationVector":"AkfYAawQRkBVAEaW0uaFyD.1","action":"SyncServerConnectionManagerRequest", "result":"SYNC_SERVER_OK", "context":{"environment":"Prod_SoutheastAsia_000j", "migrationStage":"NotStarted", "server":"GENERAL0100001C"}}
{"logTime": "0908/081654", "correlationVector":"AkfYAawQRkBVAEaW0uaFyD.2","action":"GetUpdates Response", "result":"Success", "context":Received 0 update(s). cV=AkfYAawQRkBVAEaW0uaFyD.0;server=GENERAL0100001C;cloudType=Consumer;environment=Prod_SoutheastAsia_000j;migrationStage=NotStarted}
{"logTime": "0908/082148", "correlationVector":"BmFTxEh4BM4q1EUtOQlb4N","action":"Normal GetUpdate request", "result":"", "context":cV=BmFTxEh4BM4q1EUtOQlb4N
Refresh requested types: Device Info, User Consents, Send Tab To Self, Encryption Keys}
{"logTime": "0908/082148", "correlationVector":"BmFTxEh4BM4q1EUtOQlb4N.1","action":"SyncServerConnectionManagerRequest", "result":"SYNC_SERVER_OK", "context":{"environment":"Prod_SoutheastAsia_000j", "migrationStage":"NotStarted", "server":"GENERAL0100001C"}}
{"logTime": "0908/082148", "correlationVector":"BmFTxEh4BM4q1EUtOQlb4N.2","action":"GetUpdates Response", "result":"Success", "context":Received 0 update(s). cV=BmFTxEh4BM4q1EUtOQlb4N.0;server=GENERAL0100001C;cloudType=Consumer;environment=Prod_SoutheastAsia_000j;migrationStage=NotStarted}
{"logTime": "0908/082648", "correlationVector":"8FqDvY6RW2gsrJzPmAOZ0U","action":"Normal GetUpdate request", "result":"", "context":cV=8FqDvY6RW2gsrJzPmAOZ0U
Refresh requested types: Device Info, User Consents, Send Tab To Self, Encryption Keys}
{"logTime": "0908/082648", "correlationVector":"8FqDvY6RW2gsrJzPmAOZ0U.1","action":"SyncServerConnectionManagerRequest", "result":"SYNC_SERVER_OK", "context":{"environment":"Prod_SoutheastAsia_000j", "migrationStage":"NotStarted", "server":"GENERAL0300002Z"}}
{"logTime": "0908/082648", "correlationVector":"8FqDvY6RW2gsrJzPmAOZ0U.2","action":"GetUpdates Response", "result":"Success", "context":Received 0 update(s). cV=8FqDvY6RW2gsrJzPmAOZ0U.0;server=GENERAL0300002Z;cloudType=Consumer;environment=Prod_SoutheastAsia_000j;migrationStage=NotStarted}
{"logTime": "0908/184858", "correlationVector":"Xe+bY60mkjYlBIswwMccZn.1","action":"SyncServerConnectionManagerRequest", "result":"SYNC_SERVER_OK", "context":{"environment":"Prod_SoutheastAsia_000j", "migrationStage":"NotStarted", "server":"GENERAL0300001J"}}
{"logTime": "0908/184900", "correlationVector":"AxUQYs1Xd6FN1l25mQxKkW","action":"SyncServerConnectionManagerRequest", "result":"SYNC_SERVER_OK", "context":{"environment":"", "migrationStage":"", "server":""}}
{"logTime": "0908/184900", "correlationVector":"Xe+bY60mkjYlBIswwMccZn","action":"Initial GetUpdates", "result":"", "context":Reason: NEW_CLIENT. cV=Xe+bY60mkjYlBIswwMccZn}
{"logTime": "0908/184900", "correlationVector":"Xe+bY60mkjYlBIswwMccZn.2","action":"GetUpdates Response", "result":"Success", "context":Received 1 update(s). cV=Xe+bY60mkjYlBIswwMccZn.0;server=GENERAL0300001J;cloudType=Consumer;environment=Prod_SoutheastAsia_000j;migrationStage=NotStarted}
{"logTime": "0908/184900", "correlationVector":"6mRoQJiLyUbLnVxo4lIs4O","action":"Normal GetUpdate request", "result":"", "context":cV=6mRoQJiLyUbLnVxo4lIs4O
Refresh requested types: Device Info, User Consents, Send Tab To Self, Encryption Keys}
{"logTime": "0908/184900", "correlationVector":"6mRoQJiLyUbLnVxo4lIs4O.1","action":"SyncServerConnectionManagerRequest", "result":"SYNC_SERVER_OK", "context":{"environment":"Prod_SoutheastAsia_000j", "migrationStage":"NotStarted", "server":"GENERAL0100000C"}}
{"logTime": "0908/184900", "correlationVector":"6mRoQJiLyUbLnVxo4lIs4O.2","action":"GetUpdates Response", "result":"Success", "context":Received 0 update(s). cV=6mRoQJiLyUbLnVxo4lIs4O.0;server=GENERAL0100000C;cloudType=Consumer;environment=Prod_SoutheastAsia_000j;migrationStage=NotStarted}
{"logTime": "0908/184900", "correlationVector":"Il/Pym6JdK+GDngs00VCIZ","action":"DoCompareDataConsistency requsted types: ", "result":"Send Tab To Self, Encryption Keys"}
{"logTime": "0908/184900", "correlationVector":"Il/Pym6JdK+GDngs00VCIZ.0","action":"CompareDataConsistency result: ", "result":"Compare result: Encryption Keys is consistent. local entities count is: 1 local entities hash is: kUXOirRy+oeilij09KCh78vKKgA="}
{"logTime": "0908/184900", "correlationVector":"Il/Pym6JdK+GDngs00VCIZ.1","action":"CompareDataConsistency result: ", "result":"Server did not send this Send Tab To Self local entities count is: 0 local entities hash is: "}
{"logTime": "0908/184900", "correlationVector":"6v1XLX7JYBxltgN128gGCd","action":"Poll GetUpdate request", "result":"", "context":cV=6v1XLX7JYBxltgN128gGCd}
{"logTime": "0908/184900", "correlationVector":"6v1XLX7JYBxltgN128gGCd.1","action":"SyncServerConnectionManagerRequest", "result":"SYNC_SERVER_OK", "context":{"environment":"Prod_SoutheastAsia_000j", "migrationStage":"NotStarted", "server":"GENERAL0300001M"}}
{"logTime": "0908/184900", "correlationVector":"6v1XLX7JYBxltgN128gGCd.2","action":"GetUpdates Response", "result":"Success", "context":Received 0 update(s). cV=6v1XLX7JYBxltgN128gGCd.0;server=GENERAL0300001M;cloudType=Consumer;environment=Prod_SoutheastAsia_000j;migrationStage=NotStarted}
{"logTime": "0908/184900", "correlationVector":"","action":"DIAGNOSTIC_REQUEST|v1/diagnosticData/Diagnostic.SendCheckResult()|SUCCESS", "result":""}
